running egg_info
writing ../../build/quat_to_euler/quat_to_euler.egg-info/PKG-INFO
writing dependency_links to ../../build/quat_to_euler/quat_to_euler.egg-info/dependency_links.txt
writing entry points to ../../build/quat_to_euler/quat_to_euler.egg-info/entry_points.txt
writing requirements to ../../build/quat_to_euler/quat_to_euler.egg-info/requires.txt
writing top-level names to ../../build/quat_to_euler/quat_to_euler.egg-info/top_level.txt
reading manifest file '../../build/quat_to_euler/quat_to_euler.egg-info/SOURCES.txt'
adding license file 'LICENSE'
writing manifest file '../../build/quat_to_euler/quat_to_euler.egg-info/SOURCES.txt'
running build
running build_py
running install
running install_lib
running install_data
running install_egg_info
removing '/code/WPI_Rototics/HW2/install/quat_to_euler/lib/python3.10/site-packages/quat_to_euler-0.0.0-py3.10.egg-info' (and everything under it)
Copying ../../build/quat_to_euler/quat_to_euler.egg-info to /code/WPI_Rototics/HW2/install/quat_to_euler/lib/python3.10/site-packages/quat_to_euler-0.0.0-py3.10.egg-info
running install_scripts
Installing quat_to_euler_node script to /code/WPI_Rototics/HW2/install/quat_to_euler/lib/quat_to_euler
writing list of installed files to '/code/WPI_Rototics/HW2/build/quat_to_euler/install.log'
