[1.400s] Invoking command in '/code/WPI_Rototics/HW2/src/quat_to_euler': PYTHONPATH=/code/WPI_Rototics/HW2/build/quat_to_euler/prefix_override:/usr/lib/python3/dist-packages/colcon_core/task/python/colcon_distutils_commands:/code/WPI_Rototics/HW2/install/quat_to_euler/lib/python3.10/site-packages:${PYTHONPATH} /usr/bin/python3 -W ignore:setup.py install is deprecated -W ignore:easy_install command is deprecated setup.py egg_info --egg-base ../../build/quat_to_euler build --build-base /code/WPI_Rototics/HW2/build/quat_to_euler/build install --record /code/WPI_Rototics/HW2/build/quat_to_euler/install.log --single-version-externally-managed install_data
[1.731s] running egg_info
[1.732s] creating ../../build/quat_to_euler/quat_to_euler.egg-info
[1.733s] writing ../../build/quat_to_euler/quat_to_euler.egg-info/PKG-INFO
[1.734s] writing dependency_links to ../../build/quat_to_euler/quat_to_euler.egg-info/dependency_links.txt
[1.734s] writing entry points to ../../build/quat_to_euler/quat_to_euler.egg-info/entry_points.txt
[1.734s] writing requirements to ../../build/quat_to_euler/quat_to_euler.egg-info/requires.txt
[1.735s] writing top-level names to ../../build/quat_to_euler/quat_to_euler.egg-info/top_level.txt
[1.736s] writing manifest file '../../build/quat_to_euler/quat_to_euler.egg-info/SOURCES.txt'
[1.739s] reading manifest file '../../build/quat_to_euler/quat_to_euler.egg-info/SOURCES.txt'
[1.739s] adding license file 'LICENSE'
[1.740s] writing manifest file '../../build/quat_to_euler/quat_to_euler.egg-info/SOURCES.txt'
[1.740s] running build
[1.740s] running build_py
[1.741s] creating /code/WPI_Rototics/HW2/build/quat_to_euler/build
[1.742s] creating /code/WPI_Rototics/HW2/build/quat_to_euler/build/lib
[1.743s] creating /code/WPI_Rototics/HW2/build/quat_to_euler/build/lib/quat_to_euler
[1.744s] copying quat_to_euler/subcriber_member_function.py -> /code/WPI_Rototics/HW2/build/quat_to_euler/build/lib/quat_to_euler
[1.744s] copying quat_to_euler/__init__.py -> /code/WPI_Rototics/HW2/build/quat_to_euler/build/lib/quat_to_euler
[1.745s] running install
[1.746s] running install_lib
[1.747s] creating /code/WPI_Rototics/HW2/install/quat_to_euler/lib/python3.10/site-packages/quat_to_euler
[1.748s] copying /code/WPI_Rototics/HW2/build/quat_to_euler/build/lib/quat_to_euler/subcriber_member_function.py -> /code/WPI_Rototics/HW2/install/quat_to_euler/lib/python3.10/site-packages/quat_to_euler
[1.748s] copying /code/WPI_Rototics/HW2/build/quat_to_euler/build/lib/quat_to_euler/__init__.py -> /code/WPI_Rototics/HW2/install/quat_to_euler/lib/python3.10/site-packages/quat_to_euler
[1.749s] byte-compiling /code/WPI_Rototics/HW2/install/quat_to_euler/lib/python3.10/site-packages/quat_to_euler/subcriber_member_function.py to subcriber_member_function.cpython-310.pyc
[1.751s] byte-compiling /code/WPI_Rototics/HW2/install/quat_to_euler/lib/python3.10/site-packages/quat_to_euler/__init__.py to __init__.cpython-310.pyc
[1.751s] running install_data
[1.751s] creating /code/WPI_Rototics/HW2/install/quat_to_euler/share/ament_index
[1.753s] creating /code/WPI_Rototics/HW2/install/quat_to_euler/share/ament_index/resource_index
[1.754s] creating /code/WPI_Rototics/HW2/install/quat_to_euler/share/ament_index/resource_index/packages
[1.755s] copying resource/quat_to_euler -> /code/WPI_Rototics/HW2/install/quat_to_euler/share/ament_index/resource_index/packages
[1.756s] copying package.xml -> /code/WPI_Rototics/HW2/install/quat_to_euler/share/quat_to_euler
[1.756s] running install_egg_info
[1.759s] Copying ../../build/quat_to_euler/quat_to_euler.egg-info to /code/WPI_Rototics/HW2/install/quat_to_euler/lib/python3.10/site-packages/quat_to_euler-0.0.0-py3.10.egg-info
[1.762s] running install_scripts
[1.794s] Installing listener script to /code/WPI_Rototics/HW2/install/quat_to_euler/lib/quat_to_euler
[1.795s] writing list of installed files to '/code/WPI_Rototics/HW2/build/quat_to_euler/install.log'
[1.828s] Invoked command in '/code/WPI_Rototics/HW2/src/quat_to_euler' returned '0': PYTHONPATH=/code/WPI_Rototics/HW2/build/quat_to_euler/prefix_override:/usr/lib/python3/dist-packages/colcon_core/task/python/colcon_distutils_commands:/code/WPI_Rototics/HW2/install/quat_to_euler/lib/python3.10/site-packages:${PYTHONPATH} /usr/bin/python3 -W ignore:setup.py install is deprecated -W ignore:easy_install command is deprecated setup.py egg_info --egg-base ../../build/quat_to_euler build --build-base /code/WPI_Rototics/HW2/build/quat_to_euler/build install --record /code/WPI_Rototics/HW2/build/quat_to_euler/install.log --single-version-externally-managed install_data
