[1.160s] Invoking command in '/home/xquan/ROE500-ROS/src/my_package': PYTHONPATH=/home/xquan/ROE500-ROS/src/build/my_package/prefix_override:/usr/lib/python3/dist-packages/colcon_core/task/python/colcon_distutils_commands:/home/xquan/ROE500-ROS/src/install/my_package/lib/python3.10/site-packages:${PYTHONPATH} /usr/bin/python3 -W ignore:setup.py install is deprecated -W ignore:easy_install command is deprecated setup.py egg_info --egg-base ../build/my_package build --build-base /home/xquan/ROE500-ROS/src/build/my_package/build install --record /home/xquan/ROE500-ROS/src/build/my_package/install.log --single-version-externally-managed install_data
[1.598s] running egg_info
[1.599s] writing ../build/my_package/my_package.egg-info/PKG-INFO
[1.600s] writing dependency_links to ../build/my_package/my_package.egg-info/dependency_links.txt
[1.600s] writing entry points to ../build/my_package/my_package.egg-info/entry_points.txt
[1.602s] writing requirements to ../build/my_package/my_package.egg-info/requires.txt
[1.602s] writing top-level names to ../build/my_package/my_package.egg-info/top_level.txt
[1.605s] reading manifest file '../build/my_package/my_package.egg-info/SOURCES.txt'
[1.605s] adding license file 'LICENSE'
[1.607s] writing manifest file '../build/my_package/my_package.egg-info/SOURCES.txt'
[1.607s] running build
[1.607s] running build_py
[1.608s] running install
[1.609s] running install_lib
[1.611s] running install_data
[1.611s] running install_egg_info
[1.615s] removing '/home/xquan/ROE500-ROS/src/install/my_package/lib/python3.10/site-packages/my_package-0.0.0-py3.10.egg-info' (and everything under it)
[1.616s] Copying ../build/my_package/my_package.egg-info to /home/xquan/ROE500-ROS/src/install/my_package/lib/python3.10/site-packages/my_package-0.0.0-py3.10.egg-info
[1.620s] running install_scripts
[1.657s] Installing my_node script to /home/xquan/ROE500-ROS/src/install/my_package/lib/my_package
[1.657s] writing list of installed files to '/home/xquan/ROE500-ROS/src/build/my_package/install.log'
[1.695s] Invoked command in '/home/xquan/ROE500-ROS/src/my_package' returned '0': PYTHONPATH=/home/xquan/ROE500-ROS/src/build/my_package/prefix_override:/usr/lib/python3/dist-packages/colcon_core/task/python/colcon_distutils_commands:/home/xquan/ROE500-ROS/src/install/my_package/lib/python3.10/site-packages:${PYTHONPATH} /usr/bin/python3 -W ignore:setup.py install is deprecated -W ignore:easy_install command is deprecated setup.py egg_info --egg-base ../build/my_package build --build-base /home/xquan/ROE500-ROS/src/build/my_package/build install --record /home/xquan/ROE500-ROS/src/build/my_package/install.log --single-version-externally-managed install_data
