[1.779s] Invoking command in '/home/xquan/ROE500-ROS/src/my_package': PYTHONPATH=/home/xquan/ROE500-ROS/src/build/my_package/prefix_override:/usr/lib/python3/dist-packages/colcon_core/task/python/colcon_distutils_commands:/home/xquan/ROE500-ROS/src/install/my_package/lib/python3.10/site-packages:${PYTHONPATH} /usr/bin/python3 -W ignore:setup.py install is deprecated -W ignore:easy_install command is deprecated setup.py egg_info --egg-base ../build/my_package build --build-base /home/xquan/ROE500-ROS/src/build/my_package/build install --record /home/xquan/ROE500-ROS/src/build/my_package/install.log --single-version-externally-managed install_data
[2.253s] running egg_info
[2.253s] creating ../build/my_package/my_package.egg-info
[2.254s] writing ../build/my_package/my_package.egg-info/PKG-INFO
[2.254s] writing dependency_links to ../build/my_package/my_package.egg-info/dependency_links.txt
[2.255s] writing entry points to ../build/my_package/my_package.egg-info/entry_points.txt
[2.255s] writing requirements to ../build/my_package/my_package.egg-info/requires.txt
[2.256s] writing top-level names to ../build/my_package/my_package.egg-info/top_level.txt
[2.257s] writing manifest file '../build/my_package/my_package.egg-info/SOURCES.txt'
[2.260s] reading manifest file '../build/my_package/my_package.egg-info/SOURCES.txt'
[2.260s] adding license file 'LICENSE'
[2.262s] writing manifest file '../build/my_package/my_package.egg-info/SOURCES.txt'
[2.262s] running build
[2.263s] running build_py
[2.263s] creating /home/xquan/ROE500-ROS/src/build/my_package/build
[2.263s] creating /home/xquan/ROE500-ROS/src/build/my_package/build/lib
[2.264s] creating /home/xquan/ROE500-ROS/src/build/my_package/build/lib/my_package
[2.264s] copying my_package/my_node.py -> /home/xquan/ROE500-ROS/src/build/my_package/build/lib/my_package
[2.265s] copying my_package/__init__.py -> /home/xquan/ROE500-ROS/src/build/my_package/build/lib/my_package
[2.265s] running install
[2.265s] running install_lib
[2.266s] creating /home/xquan/ROE500-ROS/src/install/my_package/lib/python3.10/site-packages/my_package
[2.267s] copying /home/xquan/ROE500-ROS/src/build/my_package/build/lib/my_package/my_node.py -> /home/xquan/ROE500-ROS/src/install/my_package/lib/python3.10/site-packages/my_package
[2.267s] copying /home/xquan/ROE500-ROS/src/build/my_package/build/lib/my_package/__init__.py -> /home/xquan/ROE500-ROS/src/install/my_package/lib/python3.10/site-packages/my_package
[2.268s] byte-compiling /home/xquan/ROE500-ROS/src/install/my_package/lib/python3.10/site-packages/my_package/my_node.py to my_node.cpython-310.pyc
[2.270s] byte-compiling /home/xquan/ROE500-ROS/src/install/my_package/lib/python3.10/site-packages/my_package/__init__.py to __init__.cpython-310.pyc
[2.270s] running install_data
[2.270s] creating /home/xquan/ROE500-ROS/src/install/my_package/share/ament_index
[2.271s] creating /home/xquan/ROE500-ROS/src/install/my_package/share/ament_index/resource_index
[2.271s] creating /home/xquan/ROE500-ROS/src/install/my_package/share/ament_index/resource_index/packages
[2.271s] copying resource/my_package -> /home/xquan/ROE500-ROS/src/install/my_package/share/ament_index/resource_index/packages
[2.271s] copying package.xml -> /home/xquan/ROE500-ROS/src/install/my_package/share/my_package
[2.271s] running install_egg_info
[2.276s] Copying ../build/my_package/my_package.egg-info to /home/xquan/ROE500-ROS/src/install/my_package/lib/python3.10/site-packages/my_package-0.0.0-py3.10.egg-info
[2.278s] running install_scripts
[2.317s] Installing my_node script to /home/xquan/ROE500-ROS/src/install/my_package/lib/my_package
[2.318s] writing list of installed files to '/home/xquan/ROE500-ROS/src/build/my_package/install.log'
[2.361s] Invoked command in '/home/xquan/ROE500-ROS/src/my_package' returned '0': PYTHONPATH=/home/xquan/ROE500-ROS/src/build/my_package/prefix_override:/usr/lib/python3/dist-packages/colcon_core/task/python/colcon_distutils_commands:/home/xquan/ROE500-ROS/src/install/my_package/lib/python3.10/site-packages:${PYTHONPATH} /usr/bin/python3 -W ignore:setup.py install is deprecated -W ignore:easy_install command is deprecated setup.py egg_info --egg-base ../build/my_package build --build-base /home/xquan/ROE500-ROS/src/build/my_package/build install --record /home/xquan/ROE500-ROS/src/build/my_package/install.log --single-version-externally-managed install_data
