running egg_info
creating ../../build/hw1_pubsub/hw1_pubsub.egg-info
writing ../../build/hw1_pubsub/hw1_pubsub.egg-info/PKG-INFO
writing dependency_links to ../../build/hw1_pubsub/hw1_pubsub.egg-info/dependency_links.txt
writing entry points to ../../build/hw1_pubsub/hw1_pubsub.egg-info/entry_points.txt
writing requirements to ../../build/hw1_pubsub/hw1_pubsub.egg-info/requires.txt
writing top-level names to ../../build/hw1_pubsub/hw1_pubsub.egg-info/top_level.txt
writing manifest file '../../build/hw1_pubsub/hw1_pubsub.egg-info/SOURCES.txt'
reading manifest file '../../build/hw1_pubsub/hw1_pubsub.egg-info/SOURCES.txt'
adding license file 'LICENSE'
writing manifest file '../../build/hw1_pubsub/hw1_pubsub.egg-info/SOURCES.txt'
running build
running build_py
creating /home/xquan/ROE500-ROS/HW1/build/hw1_pubsub/build
creating /home/xquan/ROE500-ROS/HW1/build/hw1_pubsub/build/lib
creating /home/xquan/ROE500-ROS/HW1/build/hw1_pubsub/build/lib/hw1_pubsub
copying hw1_pubsub/subscriber_member_function.py -> /home/xquan/ROE500-ROS/HW1/build/hw1_pubsub/build/lib/hw1_pubsub
copying hw1_pubsub/__init__.py -> /home/xquan/ROE500-ROS/HW1/build/hw1_pubsub/build/lib/hw1_pubsub
copying hw1_pubsub/publisher_member_function.py -> /home/xquan/ROE500-ROS/HW1/build/hw1_pubsub/build/lib/hw1_pubsub
running install
running install_lib
creating /home/xquan/ROE500-ROS/HW1/install/hw1_pubsub/lib/python3.10/site-packages/hw1_pubsub
copying /home/xquan/ROE500-ROS/HW1/build/hw1_pubsub/build/lib/hw1_pubsub/subscriber_member_function.py -> /home/xquan/ROE500-ROS/HW1/install/hw1_pubsub/lib/python3.10/site-packages/hw1_pubsub
copying /home/xquan/ROE500-ROS/HW1/build/hw1_pubsub/build/lib/hw1_pubsub/__init__.py -> /home/xquan/ROE500-ROS/HW1/install/hw1_pubsub/lib/python3.10/site-packages/hw1_pubsub
copying /home/xquan/ROE500-ROS/HW1/build/hw1_pubsub/build/lib/hw1_pubsub/publisher_member_function.py -> /home/xquan/ROE500-ROS/HW1/install/hw1_pubsub/lib/python3.10/site-packages/hw1_pubsub
byte-compiling /home/xquan/ROE500-ROS/HW1/install/hw1_pubsub/lib/python3.10/site-packages/hw1_pubsub/subscriber_member_function.py to subscriber_member_function.cpython-310.pyc
byte-compiling /home/xquan/ROE500-ROS/HW1/install/hw1_pubsub/lib/python3.10/site-packages/hw1_pubsub/__init__.py to __init__.cpython-310.pyc
byte-compiling /home/xquan/ROE500-ROS/HW1/install/hw1_pubsub/lib/python3.10/site-packages/hw1_pubsub/publisher_member_function.py to publisher_member_function.cpython-310.pyc
running install_data
creating /home/xquan/ROE500-ROS/HW1/install/hw1_pubsub/share/ament_index
creating /home/xquan/ROE500-ROS/HW1/install/hw1_pubsub/share/ament_index/resource_index
creating /home/xquan/ROE500-ROS/HW1/install/hw1_pubsub/share/ament_index/resource_index/packages
copying resource/hw1_pubsub -> /home/xquan/ROE500-ROS/HW1/install/hw1_pubsub/share/ament_index/resource_index/packages
copying package.xml -> /home/xquan/ROE500-ROS/HW1/install/hw1_pubsub/share/hw1_pubsub
running install_egg_info
Copying ../../build/hw1_pubsub/hw1_pubsub.egg-info to /home/xquan/ROE500-ROS/HW1/install/hw1_pubsub/lib/python3.10/site-packages/hw1_pubsub-0.0.0-py3.10.egg-info
running install_scripts
Installing listener script to /home/xquan/ROE500-ROS/HW1/install/hw1_pubsub/lib/hw1_pubsub
Installing talker script to /home/xquan/ROE500-ROS/HW1/install/hw1_pubsub/lib/hw1_pubsub
writing list of installed files to '/home/xquan/ROE500-ROS/HW1/build/hw1_pubsub/install.log'
