[1.250s] Invoking command in '/home/xquan/ROE500-ROS/HW1/src/hw1_pubsub': PYTHONPATH=/home/xquan/ROE500-ROS/HW1/build/hw1_pubsub/prefix_override:/usr/lib/python3/dist-packages/colcon_core/task/python/colcon_distutils_commands:/home/xquan/ROE500-ROS/HW1/install/hw1_pubsub/lib/python3.10/site-packages:${PYTHONPATH} /usr/bin/python3 -W ignore:setup.py install is deprecated -W ignore:easy_install command is deprecated setup.py egg_info --egg-base ../../build/hw1_pubsub build --build-base /home/xquan/ROE500-ROS/HW1/build/hw1_pubsub/build install --record /home/xquan/ROE500-ROS/HW1/build/hw1_pubsub/install.log --single-version-externally-managed install_data
[1.712s] running egg_info
[1.712s] creating ../../build/hw1_pubsub/hw1_pubsub.egg-info
[1.713s] writing ../../build/hw1_pubsub/hw1_pubsub.egg-info/PKG-INFO
[1.713s] writing dependency_links to ../../build/hw1_pubsub/hw1_pubsub.egg-info/dependency_links.txt
[1.715s] writing entry points to ../../build/hw1_pubsub/hw1_pubsub.egg-info/entry_points.txt
[1.716s] writing requirements to ../../build/hw1_pubsub/hw1_pubsub.egg-info/requires.txt
[1.716s] writing top-level names to ../../build/hw1_pubsub/hw1_pubsub.egg-info/top_level.txt
[1.716s] writing manifest file '../../build/hw1_pubsub/hw1_pubsub.egg-info/SOURCES.txt'
[1.719s] reading manifest file '../../build/hw1_pubsub/hw1_pubsub.egg-info/SOURCES.txt'
[1.720s] adding license file 'LICENSE'
[1.721s] writing manifest file '../../build/hw1_pubsub/hw1_pubsub.egg-info/SOURCES.txt'
[1.722s] running build
[1.722s] running build_py
[1.722s] creating /home/xquan/ROE500-ROS/HW1/build/hw1_pubsub/build
[1.725s] creating /home/xquan/ROE500-ROS/HW1/build/hw1_pubsub/build/lib
[1.727s] creating /home/xquan/ROE500-ROS/HW1/build/hw1_pubsub/build/lib/hw1_pubsub
[1.727s] copying hw1_pubsub/subscriber_member_function.py -> /home/xquan/ROE500-ROS/HW1/build/hw1_pubsub/build/lib/hw1_pubsub
[1.727s] copying hw1_pubsub/__init__.py -> /home/xquan/ROE500-ROS/HW1/build/hw1_pubsub/build/lib/hw1_pubsub
[1.728s] copying hw1_pubsub/publisher_member_function.py -> /home/xquan/ROE500-ROS/HW1/build/hw1_pubsub/build/lib/hw1_pubsub
[1.728s] running install
[1.728s] running install_lib
[1.728s] creating /home/xquan/ROE500-ROS/HW1/install/hw1_pubsub/lib/python3.10/site-packages/hw1_pubsub
[1.731s] copying /home/xquan/ROE500-ROS/HW1/build/hw1_pubsub/build/lib/hw1_pubsub/subscriber_member_function.py -> /home/xquan/ROE500-ROS/HW1/install/hw1_pubsub/lib/python3.10/site-packages/hw1_pubsub
[1.731s] copying /home/xquan/ROE500-ROS/HW1/build/hw1_pubsub/build/lib/hw1_pubsub/__init__.py -> /home/xquan/ROE500-ROS/HW1/install/hw1_pubsub/lib/python3.10/site-packages/hw1_pubsub
[1.731s] copying /home/xquan/ROE500-ROS/HW1/build/hw1_pubsub/build/lib/hw1_pubsub/publisher_member_function.py -> /home/xquan/ROE500-ROS/HW1/install/hw1_pubsub/lib/python3.10/site-packages/hw1_pubsub
[1.731s] byte-compiling /home/xquan/ROE500-ROS/HW1/install/hw1_pubsub/lib/python3.10/site-packages/hw1_pubsub/subscriber_member_function.py to subscriber_member_function.cpython-310.pyc
[1.733s] byte-compiling /home/xquan/ROE500-ROS/HW1/install/hw1_pubsub/lib/python3.10/site-packages/hw1_pubsub/__init__.py to __init__.cpython-310.pyc
[1.734s] byte-compiling /home/xquan/ROE500-ROS/HW1/install/hw1_pubsub/lib/python3.10/site-packages/hw1_pubsub/publisher_member_function.py to publisher_member_function.cpython-310.pyc
[1.735s] running install_data
[1.738s] creating /home/xquan/ROE500-ROS/HW1/install/hw1_pubsub/share/ament_index
[1.738s] creating /home/xquan/ROE500-ROS/HW1/install/hw1_pubsub/share/ament_index/resource_index
[1.738s] creating /home/xquan/ROE500-ROS/HW1/install/hw1_pubsub/share/ament_index/resource_index/packages
[1.738s] copying resource/hw1_pubsub -> /home/xquan/ROE500-ROS/HW1/install/hw1_pubsub/share/ament_index/resource_index/packages
[1.738s] copying package.xml -> /home/xquan/ROE500-ROS/HW1/install/hw1_pubsub/share/hw1_pubsub
[1.738s] running install_egg_info
[1.742s] Copying ../../build/hw1_pubsub/hw1_pubsub.egg-info to /home/xquan/ROE500-ROS/HW1/install/hw1_pubsub/lib/python3.10/site-packages/hw1_pubsub-0.0.0-py3.10.egg-info
[1.742s] running install_scripts
[1.797s] Installing listener script to /home/xquan/ROE500-ROS/HW1/install/hw1_pubsub/lib/hw1_pubsub
[1.798s] Installing talker script to /home/xquan/ROE500-ROS/HW1/install/hw1_pubsub/lib/hw1_pubsub
[1.801s] writing list of installed files to '/home/xquan/ROE500-ROS/HW1/build/hw1_pubsub/install.log'
[1.847s] Invoked command in '/home/xquan/ROE500-ROS/HW1/src/hw1_pubsub' returned '0': PYTHONPATH=/home/xquan/ROE500-ROS/HW1/build/hw1_pubsub/prefix_override:/usr/lib/python3/dist-packages/colcon_core/task/python/colcon_distutils_commands:/home/xquan/ROE500-ROS/HW1/install/hw1_pubsub/lib/python3.10/site-packages:${PYTHONPATH} /usr/bin/python3 -W ignore:setup.py install is deprecated -W ignore:easy_install command is deprecated setup.py egg_info --egg-base ../../build/hw1_pubsub build --build-base /home/xquan/ROE500-ROS/HW1/build/hw1_pubsub/build install --record /home/xquan/ROE500-ROS/HW1/build/hw1_pubsub/install.log --single-version-externally-managed install_data
