[1.174s] Invoking command in '/home/xquan/ROE500-ROS/HW1/src/hw1_pubsub': PYTHONPATH=/home/xquan/ROE500-ROS/HW1/build/hw1_pubsub/prefix_override:/usr/lib/python3/dist-packages/colcon_core/task/python/colcon_distutils_commands:/home/xquan/ROE500-ROS/HW1/install/hw1_pubsub/lib/python3.10/site-packages:${PYTHONPATH} /usr/bin/python3 -W ignore:setup.py install is deprecated -W ignore:easy_install command is deprecated setup.py egg_info --egg-base ../../build/hw1_pubsub build --build-base /home/xquan/ROE500-ROS/HW1/build/hw1_pubsub/build install --record /home/xquan/ROE500-ROS/HW1/build/hw1_pubsub/install.log --single-version-externally-managed install_data
[1.623s] running egg_info
[1.623s] writing ../../build/hw1_pubsub/hw1_pubsub.egg-info/PKG-INFO
[1.637s] /usr/lib/python3/dist-packages/setuptools/dist.py:157: UserWarning: newlines not allowed and will break in the future
[1.640s]   warnings.warn("newlines not allowed and will break in the future")
[1.640s] writing dependency_links to ../../build/hw1_pubsub/hw1_pubsub.egg-info/dependency_links.txt
[1.640s] writing entry points to ../../build/hw1_pubsub/hw1_pubsub.egg-info/entry_points.txt
[1.641s] writing requirements to ../../build/hw1_pubsub/hw1_pubsub.egg-info/requires.txt
[1.641s] writing top-level names to ../../build/hw1_pubsub/hw1_pubsub.egg-info/top_level.txt
[1.643s] reading manifest file '../../build/hw1_pubsub/hw1_pubsub.egg-info/SOURCES.txt'
[1.645s] adding license file 'LICENSE'
[1.646s] writing manifest file '../../build/hw1_pubsub/hw1_pubsub.egg-info/SOURCES.txt'
[1.648s] running build
[1.648s] running build_py
[1.648s] copying hw1_pubsub/subscriber_member_function.py -> /home/xquan/ROE500-ROS/HW1/build/hw1_pubsub/build/lib/hw1_pubsub
[1.649s] running install
[1.649s] running install_lib
[1.651s] copying /home/xquan/ROE500-ROS/HW1/build/hw1_pubsub/build/lib/hw1_pubsub/subscriber_member_function.py -> /home/xquan/ROE500-ROS/HW1/install/hw1_pubsub/lib/python3.10/site-packages/hw1_pubsub
[1.652s] byte-compiling /home/xquan/ROE500-ROS/HW1/install/hw1_pubsub/lib/python3.10/site-packages/hw1_pubsub/subscriber_member_function.py to subscriber_member_function.cpython-310.pyc
[1.654s] running install_data
[1.655s] copying package.xml -> /home/xquan/ROE500-ROS/HW1/install/hw1_pubsub/share/hw1_pubsub
[1.655s] running install_egg_info
[1.658s] removing '/home/xquan/ROE500-ROS/HW1/install/hw1_pubsub/lib/python3.10/site-packages/hw1_pubsub-0.0.0-py3.10.egg-info' (and everything under it)
[1.659s] Copying ../../build/hw1_pubsub/hw1_pubsub.egg-info to /home/xquan/ROE500-ROS/HW1/install/hw1_pubsub/lib/python3.10/site-packages/hw1_pubsub-0.0.0-py3.10.egg-info
[1.661s] running install_scripts
[1.699s] Installing listener script to /home/xquan/ROE500-ROS/HW1/install/hw1_pubsub/lib/hw1_pubsub
[1.700s] Installing talker script to /home/xquan/ROE500-ROS/HW1/install/hw1_pubsub/lib/hw1_pubsub
[1.701s] writing list of installed files to '/home/xquan/ROE500-ROS/HW1/build/hw1_pubsub/install.log'
[1.740s] Invoked command in '/home/xquan/ROE500-ROS/HW1/src/hw1_pubsub' returned '0': PYTHONPATH=/home/xquan/ROE500-ROS/HW1/build/hw1_pubsub/prefix_override:/usr/lib/python3/dist-packages/colcon_core/task/python/colcon_distutils_commands:/home/xquan/ROE500-ROS/HW1/install/hw1_pubsub/lib/python3.10/site-packages:${PYTHONPATH} /usr/bin/python3 -W ignore:setup.py install is deprecated -W ignore:easy_install command is deprecated setup.py egg_info --egg-base ../../build/hw1_pubsub build --build-base /home/xquan/ROE500-ROS/HW1/build/hw1_pubsub/build install --record /home/xquan/ROE500-ROS/HW1/build/hw1_pubsub/install.log --single-version-externally-managed install_data
