[0.182s] DEBUG:colcon:Command line arguments: ['/usr/bin/colcon', 'build', '--packages-select', 'HW1_pubsub']
[0.182s] DEBUG:colcon:Parsed command line arguments: Namespace(log_base=None, log_level=None, verb_name='build', build_base='build', install_base='install', merge_install=False, symlink_install=False, test_result_base=None, continue_on_error=False, executor='parallel', parallel_workers=2, event_handlers=None, ignore_user_meta=False, metas=['./colcon.meta'], base_paths=['.'], packages_ignore=None, packages_ignore_regex=None, paths=None, packages_up_to=None, packages_up_to_regex=None, packages_above=None, packages_above_and_dependencies=None, packages_above_depth=None, packages_select_by_dep=None, packages_skip_by_dep=None, packages_skip_up_to=None, packages_select_build_failed=False, packages_skip_build_finished=False, packages_select_test_failures=False, packages_skip_test_passed=False, packages_select=['HW1_pubsub'], packages_skip=None, packages_select_regex=None, packages_skip_regex=None, packages_start=None, packages_end=None, allow_overriding=[], cmake_args=None, cmake_target=None, cmake_target_skip_unavailable=False, cmake_clean_cache=False, cmake_clean_first=False, cmake_force_configure=False, ament_cmake_args=None, catkin_cmake_args=None, catkin_skip_building_tests=False, verb_parser=<colcon_defaults.argument_parser.defaults.DefaultArgumentsDecorator object at 0x76b061ca7730>, verb_extension=<colcon_core.verb.build.BuildVerb object at 0x76b061e6cb20>, main=<bound method BuildVerb.main of <colcon_core.verb.build.BuildVerb object at 0x76b061e6cb20>>)
[0.465s] Level 1:colcon.colcon_core.package_discovery:discover_packages(colcon_meta) check parameters
[0.465s] Level 1:colcon.colcon_core.package_discovery:discover_packages(recursive) check parameters
[0.465s] Level 1:colcon.colcon_core.package_discovery:discover_packages(ignore) check parameters
[0.465s] Level 1:colcon.colcon_core.package_discovery:discover_packages(path) check parameters
[0.465s] Level 1:colcon.colcon_core.package_discovery:discover_packages(colcon_meta) discover
[0.465s] Level 1:colcon.colcon_core.package_discovery:discover_packages(recursive) discover
[0.465s] INFO:colcon.colcon_core.package_discovery:Crawling recursively for packages in '/home/xquan/ROE500-ROS/HW1'
[0.465s] Level 1:colcon.colcon_core.package_identification:_identify(.) by extensions ['ignore', 'ignore_ament_install']
[0.466s] Level 1:colcon.colcon_core.package_identification:_identify(.) by extension 'ignore'
[0.466s] Level 1:colcon.colcon_core.package_identification:_identify(.) by extension 'ignore_ament_install'
[0.466s] Level 1:colcon.colcon_core.package_identification:_identify(.) by extensions ['colcon_pkg']
[0.466s] Level 1:colcon.colcon_core.package_identification:_identify(.) by extension 'colcon_pkg'
[0.466s] Level 1:colcon.colcon_core.package_identification:_identify(.) by extensions ['colcon_meta']
[0.466s] Level 1:colcon.colcon_core.package_identification:_identify(.) by extension 'colcon_meta'
[0.466s] Level 1:colcon.colcon_core.package_identification:_identify(.) by extensions ['ros']
[0.466s] Level 1:colcon.colcon_core.package_identification:_identify(.) by extension 'ros'
[0.485s] Level 1:colcon.colcon_core.package_identification:_identify(.) by extensions ['cmake', 'python']
[0.486s] Level 1:colcon.colcon_core.package_identification:_identify(.) by extension 'cmake'
[0.486s] Level 1:colcon.colcon_core.package_identification:_identify(.) by extension 'python'
[0.486s] Level 1:colcon.colcon_core.package_identification:_identify(.) by extensions ['python_setup_py']
[0.486s] Level 1:colcon.colcon_core.package_identification:_identify(.) by extension 'python_setup_py'
[0.486s] Level 1:colcon.colcon_core.package_identification:_identify(build) by extensions ['ignore', 'ignore_ament_install']
[0.486s] Level 1:colcon.colcon_core.package_identification:_identify(build) by extension 'ignore'
[0.486s] Level 1:colcon.colcon_core.package_identification:_identify(build) ignored
[0.486s] Level 1:colcon.colcon_core.package_identification:_identify(install) by extensions ['ignore', 'ignore_ament_install']
[0.486s] Level 1:colcon.colcon_core.package_identification:_identify(install) by extension 'ignore'
[0.487s] Level 1:colcon.colcon_core.package_identification:_identify(install) ignored
[0.487s] Level 1:colcon.colcon_core.package_identification:_identify(log) by extensions ['ignore', 'ignore_ament_install']
[0.487s] Level 1:colcon.colcon_core.package_identification:_identify(log) by extension 'ignore'
[0.487s] Level 1:colcon.colcon_core.package_identification:_identify(log) ignored
[0.487s] Level 1:colcon.colcon_core.package_identification:_identify(src) by extensions ['ignore', 'ignore_ament_install']
[0.487s] Level 1:colcon.colcon_core.package_identification:_identify(src) by extension 'ignore'
[0.487s] Level 1:colcon.colcon_core.package_identification:_identify(src) by extension 'ignore_ament_install'
[0.487s] Level 1:colcon.colcon_core.package_identification:_identify(src) by extensions ['colcon_pkg']
[0.487s] Level 1:colcon.colcon_core.package_identification:_identify(src) by extension 'colcon_pkg'
[0.487s] Level 1:colcon.colcon_core.package_identification:_identify(src) by extensions ['colcon_meta']
[0.488s] Level 1:colcon.colcon_core.package_identification:_identify(src) by extension 'colcon_meta'
[0.488s] Level 1:colcon.colcon_core.package_identification:_identify(src) by extensions ['ros']
[0.488s] Level 1:colcon.colcon_core.package_identification:_identify(src) by extension 'ros'
[0.488s] Level 1:colcon.colcon_core.package_identification:_identify(src) by extensions ['cmake', 'python']
[0.488s] Level 1:colcon.colcon_core.package_identification:_identify(src) by extension 'cmake'
[0.488s] Level 1:colcon.colcon_core.package_identification:_identify(src) by extension 'python'
[0.488s] Level 1:colcon.colcon_core.package_identification:_identify(src) by extensions ['python_setup_py']
[0.488s] Level 1:colcon.colcon_core.package_identification:_identify(src) by extension 'python_setup_py'
[0.488s] Level 1:colcon.colcon_core.package_identification:_identify(src/HW1_pubsub) by extensions ['ignore', 'ignore_ament_install']
[0.488s] Level 1:colcon.colcon_core.package_identification:_identify(src/HW1_pubsub) by extension 'ignore'
[0.489s] Level 1:colcon.colcon_core.package_identification:_identify(src/HW1_pubsub) by extension 'ignore_ament_install'
[0.489s] Level 1:colcon.colcon_core.package_identification:_identify(src/HW1_pubsub) by extensions ['colcon_pkg']
[0.489s] Level 1:colcon.colcon_core.package_identification:_identify(src/HW1_pubsub) by extension 'colcon_pkg'
[0.489s] Level 1:colcon.colcon_core.package_identification:_identify(src/HW1_pubsub) by extensions ['colcon_meta']
[0.489s] Level 1:colcon.colcon_core.package_identification:_identify(src/HW1_pubsub) by extension 'colcon_meta'
[0.489s] Level 1:colcon.colcon_core.package_identification:_identify(src/HW1_pubsub) by extensions ['ros']
[0.489s] Level 1:colcon.colcon_core.package_identification:_identify(src/HW1_pubsub) by extension 'ros'
[0.492s] DEBUG:colcon.colcon_core.package_identification:Package 'src/HW1_pubsub' with type 'ros.ament_python' and name 'HW1_pubsub'
[0.492s] Level 1:colcon.colcon_core.package_discovery:discover_packages(recursive) using defaults
[0.492s] Level 1:colcon.colcon_core.package_discovery:discover_packages(ignore) discover
[0.493s] Level 1:colcon.colcon_core.package_discovery:discover_packages(ignore) using defaults
[0.493s] Level 1:colcon.colcon_core.package_discovery:discover_packages(path) discover
[0.493s] Level 1:colcon.colcon_core.package_discovery:discover_packages(path) using defaults
[0.529s] Level 1:colcon.colcon_core.package_discovery:discover_packages(prefix_path) check parameters
[0.529s] Level 1:colcon.colcon_core.package_discovery:discover_packages(prefix_path) discover
[0.535s] DEBUG:colcon.colcon_installed_package_information.package_discovery:Found 323 installed packages in /opt/ros/humble
[0.554s] Level 1:colcon.colcon_core.package_discovery:discover_packages(prefix_path) using defaults
[0.640s] Level 5:colcon.colcon_core.verb:set package 'HW1_pubsub' build argument 'cmake_args' from command line to 'None'
[0.641s] Level 5:colcon.colcon_core.verb:set package 'HW1_pubsub' build argument 'cmake_target' from command line to 'None'
[0.641s] Level 5:colcon.colcon_core.verb:set package 'HW1_pubsub' build argument 'cmake_target_skip_unavailable' from command line to 'False'
[0.641s] Level 5:colcon.colcon_core.verb:set package 'HW1_pubsub' build argument 'cmake_clean_cache' from command line to 'False'
[0.641s] Level 5:colcon.colcon_core.verb:set package 'HW1_pubsub' build argument 'cmake_clean_first' from command line to 'False'
[0.641s] Level 5:colcon.colcon_core.verb:set package 'HW1_pubsub' build argument 'cmake_force_configure' from command line to 'False'
[0.641s] Level 5:colcon.colcon_core.verb:set package 'HW1_pubsub' build argument 'ament_cmake_args' from command line to 'None'
[0.641s] Level 5:colcon.colcon_core.verb:set package 'HW1_pubsub' build argument 'catkin_cmake_args' from command line to 'None'
[0.641s] Level 5:colcon.colcon_core.verb:set package 'HW1_pubsub' build argument 'catkin_skip_building_tests' from command line to 'False'
[0.641s] DEBUG:colcon.colcon_core.verb:Building package 'HW1_pubsub' with the following arguments: {'ament_cmake_args': None, 'build_base': '/home/xquan/ROE500-ROS/HW1/build/HW1_pubsub', 'catkin_cmake_args': None, 'catkin_skip_building_tests': False, 'cmake_args': None, 'cmake_clean_cache': False, 'cmake_clean_first': False, 'cmake_force_configure': False, 'cmake_target': None, 'cmake_target_skip_unavailable': False, 'install_base': '/home/xquan/ROE500-ROS/HW1/install/HW1_pubsub', 'merge_install': False, 'path': '/home/xquan/ROE500-ROS/HW1/src/HW1_pubsub', 'symlink_install': False, 'test_result_base': None}
[0.641s] INFO:colcon.colcon_core.executor:Executing jobs using 'parallel' executor
[0.643s] DEBUG:colcon.colcon_parallel_executor.executor.parallel:run_until_complete
[0.643s] INFO:colcon.colcon_ros.task.ament_python.build:Building ROS package in '/home/xquan/ROE500-ROS/HW1/src/HW1_pubsub' with build type 'ament_python'
[0.644s] Level 1:colcon.colcon_core.shell:create_environment_hook('HW1_pubsub', 'ament_prefix_path')
[0.649s] INFO:colcon.colcon_core.plugin_system:Skipping extension 'colcon_core.shell.bat': Not used on non-Windows systems
[0.650s] INFO:colcon.colcon_core.shell:Creating environment hook '/home/xquan/ROE500-ROS/HW1/install/HW1_pubsub/share/HW1_pubsub/hook/ament_prefix_path.ps1'
[0.651s] INFO:colcon.colcon_core.shell:Creating environment descriptor '/home/xquan/ROE500-ROS/HW1/install/HW1_pubsub/share/HW1_pubsub/hook/ament_prefix_path.dsv'
[0.652s] INFO:colcon.colcon_core.shell:Creating environment hook '/home/xquan/ROE500-ROS/HW1/install/HW1_pubsub/share/HW1_pubsub/hook/ament_prefix_path.sh'
[0.653s] INFO:colcon.colcon_core.shell:Skip shell extension 'powershell' for command environment: Not usable outside of PowerShell
[0.653s] DEBUG:colcon.colcon_core.shell:Skip shell extension 'dsv' for command environment
[1.134s] INFO:colcon.colcon_core.task.python.build:Building Python package in '/home/xquan/ROE500-ROS/HW1/src/HW1_pubsub'
[1.135s] INFO:colcon.colcon_core.shell:Skip shell extension 'powershell' for command environment: Not usable outside of PowerShell
[1.135s] DEBUG:colcon.colcon_core.shell:Skip shell extension 'dsv' for command environment
[1.772s] DEBUG:colcon.colcon_core.event_handler.log_command:Invoking command in '/home/xquan/ROE500-ROS/HW1/src/HW1_pubsub': PYTHONPATH=/home/xquan/ROE500-ROS/HW1/build/HW1_pubsub/prefix_override:/usr/lib/python3/dist-packages/colcon_core/task/python/colcon_distutils_commands:/home/xquan/ROE500-ROS/HW1/install/HW1_pubsub/lib/python3.10/site-packages:${PYTHONPATH} /usr/bin/python3 -W ignore:setup.py install is deprecated -W ignore:easy_install command is deprecated setup.py egg_info --egg-base ../../build/HW1_pubsub build --build-base /home/xquan/ROE500-ROS/HW1/build/HW1_pubsub/build install --record /home/xquan/ROE500-ROS/HW1/build/HW1_pubsub/install.log --single-version-externally-managed install_data
[2.311s] DEBUG:colcon.colcon_core.event_handler.log_command:Invoked command in '/home/xquan/ROE500-ROS/HW1/src/HW1_pubsub' returned '0': PYTHONPATH=/home/xquan/ROE500-ROS/HW1/build/HW1_pubsub/prefix_override:/usr/lib/python3/dist-packages/colcon_core/task/python/colcon_distutils_commands:/home/xquan/ROE500-ROS/HW1/install/HW1_pubsub/lib/python3.10/site-packages:${PYTHONPATH} /usr/bin/python3 -W ignore:setup.py install is deprecated -W ignore:easy_install command is deprecated setup.py egg_info --egg-base ../../build/HW1_pubsub build --build-base /home/xquan/ROE500-ROS/HW1/build/HW1_pubsub/build install --record /home/xquan/ROE500-ROS/HW1/build/HW1_pubsub/install.log --single-version-externally-managed install_data
[2.314s] Level 1:colcon.colcon_core.environment:checking '/home/xquan/ROE500-ROS/HW1/install/HW1_pubsub' for CMake module files
[2.315s] Level 1:colcon.colcon_core.environment:checking '/home/xquan/ROE500-ROS/HW1/install/HW1_pubsub' for CMake config files
[2.317s] Level 1:colcon.colcon_core.environment:checking '/home/xquan/ROE500-ROS/HW1/install/HW1_pubsub/lib'
[2.317s] Level 1:colcon.colcon_core.environment:checking '/home/xquan/ROE500-ROS/HW1/install/HW1_pubsub/bin'
[2.317s] Level 1:colcon.colcon_core.environment:checking '/home/xquan/ROE500-ROS/HW1/install/HW1_pubsub/lib/pkgconfig/HW1_pubsub.pc'
[2.318s] Level 1:colcon.colcon_core.environment:checking '/home/xquan/ROE500-ROS/HW1/install/HW1_pubsub/lib/python3.10/site-packages'
[2.318s] Level 1:colcon.colcon_core.shell:create_environment_hook('HW1_pubsub', 'pythonpath')
[2.318s] INFO:colcon.colcon_core.shell:Creating environment hook '/home/xquan/ROE500-ROS/HW1/install/HW1_pubsub/share/HW1_pubsub/hook/pythonpath.ps1'
[2.319s] INFO:colcon.colcon_core.shell:Creating environment descriptor '/home/xquan/ROE500-ROS/HW1/install/HW1_pubsub/share/HW1_pubsub/hook/pythonpath.dsv'
[2.320s] INFO:colcon.colcon_core.shell:Creating environment hook '/home/xquan/ROE500-ROS/HW1/install/HW1_pubsub/share/HW1_pubsub/hook/pythonpath.sh'
[2.321s] Level 1:colcon.colcon_core.environment:checking '/home/xquan/ROE500-ROS/HW1/install/HW1_pubsub/bin'
[2.321s] Level 1:colcon.colcon_core.environment:create_environment_scripts_only(HW1_pubsub)
[2.322s] INFO:colcon.colcon_core.shell:Creating package script '/home/xquan/ROE500-ROS/HW1/install/HW1_pubsub/share/HW1_pubsub/package.ps1'
[2.323s] INFO:colcon.colcon_core.shell:Creating package descriptor '/home/xquan/ROE500-ROS/HW1/install/HW1_pubsub/share/HW1_pubsub/package.dsv'
[2.324s] INFO:colcon.colcon_core.shell:Creating package script '/home/xquan/ROE500-ROS/HW1/install/HW1_pubsub/share/HW1_pubsub/package.sh'
[2.326s] INFO:colcon.colcon_core.shell:Creating package script '/home/xquan/ROE500-ROS/HW1/install/HW1_pubsub/share/HW1_pubsub/package.bash'
[2.327s] INFO:colcon.colcon_core.shell:Creating package script '/home/xquan/ROE500-ROS/HW1/install/HW1_pubsub/share/HW1_pubsub/package.zsh'
[2.329s] Level 1:colcon.colcon_core.environment:create_file_with_runtime_dependencies(/home/xquan/ROE500-ROS/HW1/install/HW1_pubsub/share/colcon-core/packages/HW1_pubsub)
[2.330s] DEBUG:colcon.colcon_parallel_executor.executor.parallel:closing loop
[2.331s] DEBUG:colcon.colcon_parallel_executor.executor.parallel:loop closed
[2.332s] DEBUG:colcon.colcon_parallel_executor.executor.parallel:run_until_complete finished with '0'
[2.332s] DEBUG:colcon.colcon_core.event_reactor:joining thread
[2.341s] INFO:colcon.colcon_core.plugin_system:Skipping extension 'colcon_notification.desktop_notification.terminal_notifier': Not used on non-Darwin systems
[2.341s] INFO:colcon.colcon_core.plugin_system:Skipping extension 'colcon_notification.desktop_notification.win32': Not used on non-Windows systems
[2.341s] INFO:colcon.colcon_notification.desktop_notification:Sending desktop notification using 'notify2'
[2.372s] DEBUG:colcon.colcon_core.event_reactor:joined thread
[2.373s] INFO:colcon.colcon_core.shell:Creating prefix script '/home/xquan/ROE500-ROS/HW1/install/local_setup.ps1'
[2.374s] INFO:colcon.colcon_core.shell:Creating prefix util module '/home/xquan/ROE500-ROS/HW1/install/_local_setup_util_ps1.py'
[2.376s] INFO:colcon.colcon_core.shell:Creating prefix chain script '/home/xquan/ROE500-ROS/HW1/install/setup.ps1'
[2.378s] INFO:colcon.colcon_core.shell:Creating prefix script '/home/xquan/ROE500-ROS/HW1/install/local_setup.sh'
[2.380s] INFO:colcon.colcon_core.shell:Creating prefix util module '/home/xquan/ROE500-ROS/HW1/install/_local_setup_util_sh.py'
[2.380s] INFO:colcon.colcon_core.shell:Creating prefix chain script '/home/xquan/ROE500-ROS/HW1/install/setup.sh'
[2.383s] INFO:colcon.colcon_core.shell:Creating prefix script '/home/xquan/ROE500-ROS/HW1/install/local_setup.bash'
[2.384s] INFO:colcon.colcon_core.shell:Creating prefix chain script '/home/xquan/ROE500-ROS/HW1/install/setup.bash'
[2.385s] INFO:colcon.colcon_core.shell:Creating prefix script '/home/xquan/ROE500-ROS/HW1/install/local_setup.zsh'
[2.386s] INFO:colcon.colcon_core.shell:Creating prefix chain script '/home/xquan/ROE500-ROS/HW1/install/setup.zsh'
