[0.187s] DEBUG:colcon:Command line arguments: ['/usr/bin/colcon', 'build', '--packages-select', 'quat_to_euler']
[0.187s] DEBUG:colcon:Parsed command line arguments: Namespace(log_base=None, log_level=None, verb_name='build', build_base='build', install_base='install', merge_install=False, symlink_install=False, test_result_base=None, continue_on_error=False, executor='parallel', parallel_workers=32, event_handlers=None, ignore_user_meta=False, metas=['./colcon.meta'], base_paths=['.'], packages_ignore=None, packages_ignore_regex=None, paths=None, packages_up_to=None, packages_up_to_regex=None, packages_above=None, packages_above_and_dependencies=None, packages_above_depth=None, packages_select_by_dep=None, packages_skip_by_dep=None, packages_skip_up_to=None, packages_select_build_failed=False, packages_skip_build_finished=False, packages_select_test_failures=False, packages_skip_test_passed=False, packages_select=['quat_to_euler'], packages_skip=None, packages_select_regex=None, packages_skip_regex=None, packages_start=None, packages_end=None, cmake_args=None, cmake_target=None, cmake_target_skip_unavailable=False, cmake_clean_cache=False, cmake_clean_first=False, cmake_force_configure=False, ament_cmake_args=None, catkin_cmake_args=None, catkin_skip_building_tests=False, mixin_files=None, mixin=None, verb_parser=<colcon_mixin.mixin.mixin_argument.MixinArgumentDecorator object at 0x750ee8c534f0>, verb_extension=<colcon_core.verb.build.BuildVerb object at 0x750ee8c52ec0>, main=<bound method BuildVerb.main of <colcon_core.verb.build.BuildVerb object at 0x750ee8c52ec0>>, mixin_verb=('build',))
[1.762s] Level 1:colcon.colcon_core.package_discovery:discover_packages(colcon_meta) check parameters
[1.763s] INFO:colcon.colcon_metadata.package_discovery.colcon_meta:Using configuration from '/root/.colcon/metadata/default/Gazebo.meta'
[1.764s] INFO:colcon.colcon_metadata.package_discovery.colcon_meta:Using configuration from '/root/.colcon/metadata/default/fastdds.meta'
[1.765s] INFO:colcon.colcon_metadata.package_discovery.colcon_meta:Using configuration from '/root/.colcon/metadata/default/fastrtps.meta'
[1.765s] Level 1:colcon.colcon_core.package_discovery:discover_packages(recursive) check parameters
[1.766s] Level 1:colcon.colcon_core.package_discovery:discover_packages(ignore) check parameters
[1.766s] Level 1:colcon.colcon_core.package_discovery:discover_packages(path) check parameters
[1.766s] Level 1:colcon.colcon_core.package_discovery:discover_packages(colcon_meta) discover
[1.766s] Level 1:colcon.colcon_core.package_discovery:discover_packages(recursive) discover
[1.766s] INFO:colcon.colcon_core.package_discovery:Crawling recursively for packages in '/code/WPI_Rototics/HW2'
[1.766s] Level 1:colcon.colcon_core.package_identification:_identify(.) by extensions ['ignore', 'ignore_ament_install']
[1.766s] Level 1:colcon.colcon_core.package_identification:_identify(.) by extension 'ignore'
[1.766s] Level 1:colcon.colcon_core.package_identification:_identify(.) by extension 'ignore_ament_install'
[1.767s] Level 1:colcon.colcon_core.package_identification:_identify(.) by extensions ['colcon_pkg']
[1.767s] Level 1:colcon.colcon_core.package_identification:_identify(.) by extension 'colcon_pkg'
[1.767s] Level 1:colcon.colcon_core.package_identification:_identify(.) by extensions ['colcon_meta']
[1.767s] Level 1:colcon.colcon_core.package_identification:_identify(.) by extension 'colcon_meta'
[1.767s] Level 1:colcon.colcon_core.package_identification:_identify(.) by extensions ['ros']
[1.767s] Level 1:colcon.colcon_core.package_identification:_identify(.) by extension 'ros'
[1.785s] Level 1:colcon.colcon_core.package_identification:_identify(.) by extensions ['cmake', 'python']
[1.785s] Level 1:colcon.colcon_core.package_identification:_identify(.) by extension 'cmake'
[1.785s] Level 1:colcon.colcon_core.package_identification:_identify(.) by extension 'python'
[1.786s] Level 1:colcon.colcon_core.package_identification:_identify(.) by extensions ['python_setup_py']
[1.786s] Level 1:colcon.colcon_core.package_identification:_identify(.) by extension 'python_setup_py'
[1.786s] Level 1:colcon.colcon_core.package_identification:_identify(build) by extensions ['ignore', 'ignore_ament_install']
[1.786s] Level 1:colcon.colcon_core.package_identification:_identify(build) by extension 'ignore'
[1.786s] Level 1:colcon.colcon_core.package_identification:_identify(build) ignored
[1.787s] Level 1:colcon.colcon_core.package_identification:_identify(install) by extensions ['ignore', 'ignore_ament_install']
[1.787s] Level 1:colcon.colcon_core.package_identification:_identify(install) by extension 'ignore'
[1.787s] Level 1:colcon.colcon_core.package_identification:_identify(install) ignored
[1.787s] Level 1:colcon.colcon_core.package_identification:_identify(log) by extensions ['ignore', 'ignore_ament_install']
[1.787s] Level 1:colcon.colcon_core.package_identification:_identify(log) by extension 'ignore'
[1.787s] Level 1:colcon.colcon_core.package_identification:_identify(log) ignored
[1.787s] Level 1:colcon.colcon_core.package_identification:_identify(src) by extensions ['ignore', 'ignore_ament_install']
[1.788s] Level 1:colcon.colcon_core.package_identification:_identify(src) by extension 'ignore'
[1.788s] Level 1:colcon.colcon_core.package_identification:_identify(src) by extension 'ignore_ament_install'
[1.788s] Level 1:colcon.colcon_core.package_identification:_identify(src) by extensions ['colcon_pkg']
[1.788s] Level 1:colcon.colcon_core.package_identification:_identify(src) by extension 'colcon_pkg'
[1.788s] Level 1:colcon.colcon_core.package_identification:_identify(src) by extensions ['colcon_meta']
[1.788s] Level 1:colcon.colcon_core.package_identification:_identify(src) by extension 'colcon_meta'
[1.788s] Level 1:colcon.colcon_core.package_identification:_identify(src) by extensions ['ros']
[1.788s] Level 1:colcon.colcon_core.package_identification:_identify(src) by extension 'ros'
[1.788s] Level 1:colcon.colcon_core.package_identification:_identify(src) by extensions ['cmake', 'python']
[1.788s] Level 1:colcon.colcon_core.package_identification:_identify(src) by extension 'cmake'
[1.788s] Level 1:colcon.colcon_core.package_identification:_identify(src) by extension 'python'
[1.788s] Level 1:colcon.colcon_core.package_identification:_identify(src) by extensions ['python_setup_py']
[1.788s] Level 1:colcon.colcon_core.package_identification:_identify(src) by extension 'python_setup_py'
[1.789s] Level 1:colcon.colcon_core.package_identification:_identify(src/quat_to_euler) by extensions ['ignore', 'ignore_ament_install']
[1.789s] Level 1:colcon.colcon_core.package_identification:_identify(src/quat_to_euler) by extension 'ignore'
[1.789s] Level 1:colcon.colcon_core.package_identification:_identify(src/quat_to_euler) by extension 'ignore_ament_install'
[1.789s] Level 1:colcon.colcon_core.package_identification:_identify(src/quat_to_euler) by extensions ['colcon_pkg']
[1.789s] Level 1:colcon.colcon_core.package_identification:_identify(src/quat_to_euler) by extension 'colcon_pkg'
[1.789s] Level 1:colcon.colcon_core.package_identification:_identify(src/quat_to_euler) by extensions ['colcon_meta']
[1.789s] Level 1:colcon.colcon_core.package_identification:_identify(src/quat_to_euler) by extension 'colcon_meta'
[1.789s] Level 1:colcon.colcon_core.package_identification:_identify(src/quat_to_euler) by extensions ['ros']
[1.789s] Level 1:colcon.colcon_core.package_identification:_identify(src/quat_to_euler) by extension 'ros'
[1.793s] DEBUG:colcon.colcon_core.package_identification:Package 'src/quat_to_euler' with type 'ros.ament_python' and name 'quat_to_euler'
[1.793s] Level 1:colcon.colcon_core.package_discovery:discover_packages(recursive) using defaults
[1.793s] Level 1:colcon.colcon_core.package_discovery:discover_packages(ignore) discover
[1.793s] Level 1:colcon.colcon_core.package_discovery:discover_packages(ignore) using defaults
[1.793s] Level 1:colcon.colcon_core.package_discovery:discover_packages(path) discover
[1.793s] Level 1:colcon.colcon_core.package_discovery:discover_packages(path) using defaults
[1.822s] Level 5:colcon.colcon_core.verb:set package 'quat_to_euler' build argument 'cmake_args' from command line to 'None'
[1.822s] Level 5:colcon.colcon_core.verb:set package 'quat_to_euler' build argument 'cmake_target' from command line to 'None'
[1.822s] Level 5:colcon.colcon_core.verb:set package 'quat_to_euler' build argument 'cmake_target_skip_unavailable' from command line to 'False'
[1.822s] Level 5:colcon.colcon_core.verb:set package 'quat_to_euler' build argument 'cmake_clean_cache' from command line to 'False'
[1.822s] Level 5:colcon.colcon_core.verb:set package 'quat_to_euler' build argument 'cmake_clean_first' from command line to 'False'
[1.822s] Level 5:colcon.colcon_core.verb:set package 'quat_to_euler' build argument 'cmake_force_configure' from command line to 'False'
[1.822s] Level 5:colcon.colcon_core.verb:set package 'quat_to_euler' build argument 'ament_cmake_args' from command line to 'None'
[1.822s] Level 5:colcon.colcon_core.verb:set package 'quat_to_euler' build argument 'catkin_cmake_args' from command line to 'None'
[1.822s] Level 5:colcon.colcon_core.verb:set package 'quat_to_euler' build argument 'catkin_skip_building_tests' from command line to 'False'
[1.822s] DEBUG:colcon.colcon_core.verb:Building package 'quat_to_euler' with the following arguments: {'ament_cmake_args': None, 'build_base': '/code/WPI_Rototics/HW2/build/quat_to_euler', 'catkin_cmake_args': None, 'catkin_skip_building_tests': False, 'cmake_args': None, 'cmake_clean_cache': False, 'cmake_clean_first': False, 'cmake_force_configure': False, 'cmake_target': None, 'cmake_target_skip_unavailable': False, 'install_base': '/code/WPI_Rototics/HW2/install/quat_to_euler', 'merge_install': False, 'path': '/code/WPI_Rototics/HW2/src/quat_to_euler', 'symlink_install': False, 'test_result_base': None}
[1.822s] INFO:colcon.colcon_core.executor:Executing jobs using 'parallel' executor
[1.824s] DEBUG:colcon.colcon_parallel_executor.executor.parallel:run_until_complete
[1.825s] INFO:colcon.colcon_ros.task.ament_python.build:Building ROS package in '/code/WPI_Rototics/HW2/src/quat_to_euler' with build type 'ament_python'
[1.825s] Level 1:colcon.colcon_core.shell:create_environment_hook('quat_to_euler', 'ament_prefix_path')
[1.830s] INFO:colcon.colcon_core.plugin_system:Skipping extension 'colcon_core.shell.bat': Not used on non-Windows systems
[1.831s] INFO:colcon.colcon_core.shell:Creating environment hook '/code/WPI_Rototics/HW2/install/quat_to_euler/share/quat_to_euler/hook/ament_prefix_path.ps1'
[1.842s] INFO:colcon.colcon_core.shell:Creating environment descriptor '/code/WPI_Rototics/HW2/install/quat_to_euler/share/quat_to_euler/hook/ament_prefix_path.dsv'
[1.843s] INFO:colcon.colcon_core.shell:Creating environment hook '/code/WPI_Rototics/HW2/install/quat_to_euler/share/quat_to_euler/hook/ament_prefix_path.sh'
[1.846s] INFO:colcon.colcon_core.shell:Skip shell extension 'powershell' for command environment: Not usable outside of PowerShell
[1.846s] DEBUG:colcon.colcon_core.shell:Skip shell extension 'dsv' for command environment
[2.261s] INFO:colcon.colcon_core.task.python.build:Building Python package in '/code/WPI_Rototics/HW2/src/quat_to_euler'
[2.261s] INFO:colcon.colcon_core.shell:Skip shell extension 'powershell' for command environment: Not usable outside of PowerShell
[2.261s] DEBUG:colcon.colcon_core.shell:Skip shell extension 'dsv' for command environment
[2.788s] DEBUG:colcon.colcon_core.event_handler.log_command:Invoking command in '/code/WPI_Rototics/HW2/src/quat_to_euler': PYTHONPATH=/code/WPI_Rototics/HW2/build/quat_to_euler/prefix_override:/usr/lib/python3/dist-packages/colcon_core/task/python/colcon_distutils_commands:/code/WPI_Rototics/HW2/install/quat_to_euler/lib/python3.10/site-packages:${PYTHONPATH} /usr/bin/python3 -W ignore:setup.py install is deprecated -W ignore:easy_install command is deprecated setup.py egg_info --egg-base ../../build/quat_to_euler build --build-base /code/WPI_Rototics/HW2/build/quat_to_euler/build install --record /code/WPI_Rototics/HW2/build/quat_to_euler/install.log --single-version-externally-managed install_data
[3.181s] DEBUG:colcon.colcon_core.event_handler.log_command:Invoked command in '/code/WPI_Rototics/HW2/src/quat_to_euler' returned '0': PYTHONPATH=/code/WPI_Rototics/HW2/build/quat_to_euler/prefix_override:/usr/lib/python3/dist-packages/colcon_core/task/python/colcon_distutils_commands:/code/WPI_Rototics/HW2/install/quat_to_euler/lib/python3.10/site-packages:${PYTHONPATH} /usr/bin/python3 -W ignore:setup.py install is deprecated -W ignore:easy_install command is deprecated setup.py egg_info --egg-base ../../build/quat_to_euler build --build-base /code/WPI_Rototics/HW2/build/quat_to_euler/build install --record /code/WPI_Rototics/HW2/build/quat_to_euler/install.log --single-version-externally-managed install_data
[3.185s] Level 1:colcon.colcon_core.environment:checking '/code/WPI_Rototics/HW2/install/quat_to_euler' for CMake module files
[3.186s] Level 1:colcon.colcon_core.environment:checking '/code/WPI_Rototics/HW2/install/quat_to_euler' for CMake config files
[3.187s] Level 1:colcon.colcon_core.environment:checking '/code/WPI_Rototics/HW2/install/quat_to_euler/lib'
[3.187s] Level 1:colcon.colcon_core.environment:checking '/code/WPI_Rototics/HW2/install/quat_to_euler/bin'
[3.188s] Level 1:colcon.colcon_core.environment:checking '/code/WPI_Rototics/HW2/install/quat_to_euler/lib/pkgconfig/quat_to_euler.pc'
[3.188s] Level 1:colcon.colcon_core.environment:checking '/code/WPI_Rototics/HW2/install/quat_to_euler/lib/python3.10/site-packages'
[3.188s] Level 1:colcon.colcon_core.shell:create_environment_hook('quat_to_euler', 'pythonpath')
[3.188s] INFO:colcon.colcon_core.shell:Creating environment hook '/code/WPI_Rototics/HW2/install/quat_to_euler/share/quat_to_euler/hook/pythonpath.ps1'
[3.190s] INFO:colcon.colcon_core.shell:Creating environment descriptor '/code/WPI_Rototics/HW2/install/quat_to_euler/share/quat_to_euler/hook/pythonpath.dsv'
[3.190s] INFO:colcon.colcon_core.shell:Creating environment hook '/code/WPI_Rototics/HW2/install/quat_to_euler/share/quat_to_euler/hook/pythonpath.sh'
[3.191s] Level 1:colcon.colcon_core.environment:checking '/code/WPI_Rototics/HW2/install/quat_to_euler/bin'
[3.192s] Level 1:colcon.colcon_core.environment:create_environment_scripts_only(quat_to_euler)
[3.192s] INFO:colcon.colcon_core.shell:Creating package script '/code/WPI_Rototics/HW2/install/quat_to_euler/share/quat_to_euler/package.ps1'
[3.195s] INFO:colcon.colcon_core.shell:Creating package descriptor '/code/WPI_Rototics/HW2/install/quat_to_euler/share/quat_to_euler/package.dsv'
[3.196s] INFO:colcon.colcon_core.shell:Creating package script '/code/WPI_Rototics/HW2/install/quat_to_euler/share/quat_to_euler/package.sh'
[3.197s] INFO:colcon.colcon_core.shell:Creating package script '/code/WPI_Rototics/HW2/install/quat_to_euler/share/quat_to_euler/package.bash'
[3.198s] INFO:colcon.colcon_core.shell:Creating package script '/code/WPI_Rototics/HW2/install/quat_to_euler/share/quat_to_euler/package.zsh'
[3.200s] Level 1:colcon.colcon_core.environment:create_file_with_runtime_dependencies(/code/WPI_Rototics/HW2/install/quat_to_euler/share/colcon-core/packages/quat_to_euler)
[3.200s] DEBUG:colcon.colcon_parallel_executor.executor.parallel:closing loop
[3.201s] DEBUG:colcon.colcon_parallel_executor.executor.parallel:loop closed
[3.202s] DEBUG:colcon.colcon_parallel_executor.executor.parallel:run_until_complete finished with '0'
[3.202s] DEBUG:colcon.colcon_core.event_reactor:joining thread
[3.221s] INFO:colcon.colcon_core.plugin_system:Skipping extension 'colcon_notification.desktop_notification.notify_send': Could not find 'notify-send'
[3.221s] INFO:colcon.colcon_core.plugin_system:Skipping extension 'colcon_notification.desktop_notification.terminal_notifier': Not used on non-Darwin systems
[3.221s] INFO:colcon.colcon_core.plugin_system:Skipping extension 'colcon_notification.desktop_notification.win32': Not used on non-Windows systems
[3.222s] INFO:colcon.colcon_notification.desktop_notification:Sending desktop notification using 'notify2'
[3.227s] DEBUG:colcon.colcon_notification.desktop_notification.notify2:Failed to initialize notify2: org.freedesktop.DBus.Error.Spawn.ExecFailed: /usr/bin/dbus-launch terminated abnormally without any error message
[3.227s] DEBUG:colcon.colcon_core.event_reactor:joined thread
[3.228s] INFO:colcon.colcon_core.shell:Creating prefix script '/code/WPI_Rototics/HW2/install/local_setup.ps1'
[3.231s] INFO:colcon.colcon_core.shell:Creating prefix util module '/code/WPI_Rototics/HW2/install/_local_setup_util_ps1.py'
[3.233s] INFO:colcon.colcon_core.shell:Creating prefix chain script '/code/WPI_Rototics/HW2/install/setup.ps1'
[3.235s] INFO:colcon.colcon_core.shell:Creating prefix script '/code/WPI_Rototics/HW2/install/local_setup.sh'
[3.236s] INFO:colcon.colcon_core.shell:Creating prefix util module '/code/WPI_Rototics/HW2/install/_local_setup_util_sh.py'
[3.237s] INFO:colcon.colcon_core.shell:Creating prefix chain script '/code/WPI_Rototics/HW2/install/setup.sh'
[3.239s] INFO:colcon.colcon_core.shell:Creating prefix script '/code/WPI_Rototics/HW2/install/local_setup.bash'
[3.240s] INFO:colcon.colcon_core.shell:Creating prefix chain script '/code/WPI_Rototics/HW2/install/setup.bash'
[3.242s] INFO:colcon.colcon_core.shell:Creating prefix script '/code/WPI_Rototics/HW2/install/local_setup.zsh'
[3.243s] INFO:colcon.colcon_core.shell:Creating prefix chain script '/code/WPI_Rototics/HW2/install/setup.zsh'
