running egg_info
writing ../../build/HW1_pubsub/HW1_pubsub.egg-info/PKG-INFO
writing dependency_links to ../../build/HW1_pubsub/HW1_pubsub.egg-info/dependency_links.txt
writing entry points to ../../build/HW1_pubsub/HW1_pubsub.egg-info/entry_points.txt
writing requirements to ../../build/HW1_pubsub/HW1_pubsub.egg-info/requires.txt
writing top-level names to ../../build/HW1_pubsub/HW1_pubsub.egg-info/top_level.txt
reading manifest file '../../build/HW1_pubsub/HW1_pubsub.egg-info/SOURCES.txt'
adding license file 'LICENSE'
writing manifest file '../../build/HW1_pubsub/HW1_pubsub.egg-info/SOURCES.txt'
running build
running build_py
copying HW1_pubsub/publisher_member_function.py -> /home/xquan/ROE500-ROS/HW1/build/HW1_pubsub/build/lib/HW1_pubsub
running install
running install_lib
copying /home/xquan/ROE500-ROS/HW1/build/HW1_pubsub/build/lib/HW1_pubsub/publisher_member_function.py -> /home/xquan/ROE500-ROS/HW1/install/HW1_pubsub/lib/python3.10/site-packages/HW1_pubsub
byte-compiling /home/xquan/ROE500-ROS/HW1/install/HW1_pubsub/lib/python3.10/site-packages/HW1_pubsub/publisher_member_function.py to publisher_member_function.cpython-310.pyc
running install_data
running install_egg_info
removing '/home/xquan/ROE500-ROS/HW1/install/HW1_pubsub/lib/python3.10/site-packages/HW1_pubsub-0.0.0-py3.10.egg-info' (and everything under it)
Copying ../../build/HW1_pubsub/HW1_pubsub.egg-info to /home/xquan/ROE500-ROS/HW1/install/HW1_pubsub/lib/python3.10/site-packages/HW1_pubsub-0.0.0-py3.10.egg-info
running install_scripts
Installing listener script to /home/xquan/ROE500-ROS/HW1/install/HW1_pubsub/lib/HW1_pubsub
Installing talker script to /home/xquan/ROE500-ROS/HW1/install/HW1_pubsub/lib/HW1_pubsub
writing list of installed files to '/home/xquan/ROE500-ROS/HW1/build/HW1_pubsub/install.log'
