[1.113s] Invoking command in '/home/xquan/ROE500-ROS/HW1/src/HW1_pubsub': PYTHONPATH=/home/xquan/ROE500-ROS/HW1/build/HW1_pubsub/prefix_override:/usr/lib/python3/dist-packages/colcon_core/task/python/colcon_distutils_commands:/home/xquan/ROE500-ROS/HW1/install/HW1_pubsub/lib/python3.10/site-packages:${PYTHONPATH} /usr/bin/python3 -W ignore:setup.py install is deprecated -W ignore:easy_install command is deprecated setup.py egg_info --egg-base ../../build/HW1_pubsub build --build-base /home/xquan/ROE500-ROS/HW1/build/HW1_pubsub/build install --record /home/xquan/ROE500-ROS/HW1/build/HW1_pubsub/install.log --single-version-externally-managed install_data
[1.532s] running egg_info
[1.535s] writing ../../build/HW1_pubsub/HW1_pubsub.egg-info/PKG-INFO
[1.536s] writing dependency_links to ../../build/HW1_pubsub/HW1_pubsub.egg-info/dependency_links.txt
[1.537s] writing entry points to ../../build/HW1_pubsub/HW1_pubsub.egg-info/entry_points.txt
[1.538s] writing requirements to ../../build/HW1_pubsub/HW1_pubsub.egg-info/requires.txt
[1.538s] writing top-level names to ../../build/HW1_pubsub/HW1_pubsub.egg-info/top_level.txt
[1.542s] reading manifest file '../../build/HW1_pubsub/HW1_pubsub.egg-info/SOURCES.txt'
[1.542s] adding license file 'LICENSE'
[1.544s] writing manifest file '../../build/HW1_pubsub/HW1_pubsub.egg-info/SOURCES.txt'
[1.544s] running build
[1.544s] running build_py
[1.545s] copying HW1_pubsub/publisher_member_function.py -> /home/xquan/ROE500-ROS/HW1/build/HW1_pubsub/build/lib/HW1_pubsub
[1.546s] running install
[1.546s] running install_lib
[1.547s] copying /home/xquan/ROE500-ROS/HW1/build/HW1_pubsub/build/lib/HW1_pubsub/publisher_member_function.py -> /home/xquan/ROE500-ROS/HW1/install/HW1_pubsub/lib/python3.10/site-packages/HW1_pubsub
[1.549s] byte-compiling /home/xquan/ROE500-ROS/HW1/install/HW1_pubsub/lib/python3.10/site-packages/HW1_pubsub/publisher_member_function.py to publisher_member_function.cpython-310.pyc
[1.550s] running install_data
[1.551s] running install_egg_info
[1.554s] removing '/home/xquan/ROE500-ROS/HW1/install/HW1_pubsub/lib/python3.10/site-packages/HW1_pubsub-0.0.0-py3.10.egg-info' (and everything under it)
[1.554s] Copying ../../build/HW1_pubsub/HW1_pubsub.egg-info to /home/xquan/ROE500-ROS/HW1/install/HW1_pubsub/lib/python3.10/site-packages/HW1_pubsub-0.0.0-py3.10.egg-info
[1.557s] running install_scripts
[1.594s] Installing listener script to /home/xquan/ROE500-ROS/HW1/install/HW1_pubsub/lib/HW1_pubsub
[1.595s] Installing talker script to /home/xquan/ROE500-ROS/HW1/install/HW1_pubsub/lib/HW1_pubsub
[1.597s] writing list of installed files to '/home/xquan/ROE500-ROS/HW1/build/HW1_pubsub/install.log'
[1.636s] Invoked command in '/home/xquan/ROE500-ROS/HW1/src/HW1_pubsub' returned '0': PYTHONPATH=/home/xquan/ROE500-ROS/HW1/build/HW1_pubsub/prefix_override:/usr/lib/python3/dist-packages/colcon_core/task/python/colcon_distutils_commands:/home/xquan/ROE500-ROS/HW1/install/HW1_pubsub/lib/python3.10/site-packages:${PYTHONPATH} /usr/bin/python3 -W ignore:setup.py install is deprecated -W ignore:easy_install command is deprecated setup.py egg_info --egg-base ../../build/HW1_pubsub build --build-base /home/xquan/ROE500-ROS/HW1/build/HW1_pubsub/build install --record /home/xquan/ROE500-ROS/HW1/build/HW1_pubsub/install.log --single-version-externally-managed install_data
